Log file open, 04/09/19 12:49:44
LogWindows: Failed to load 'aqProf.dll' (GetLastError=126)
LogWindows: File 'aqProf.dll' does not exist
LogWindows: Failed to load 'VSPerf140.dll' (GetLastError=126)
LogWindows: File 'VSPerf140.dll' does not exist
LogWindows: Failed to load 'VtuneApi.dll' (GetLastError=126)
LogWindows: File 'VtuneApi.dll' does not exist
LogWindows: Failed to load 'VtuneApi32e.dll' (GetLastError=126)
LogWindows: File 'VtuneApi32e.dll' does not exist
LogInit: Display: Running engine for game: CultoftheRaven
LogPlatformFile: Not using cached read wrapper
LogTaskGraph: Started task graph with 5 named threads and 35 total threads with 3 sets of task threads.
LogStats: Stats thread started at 0.416589
LogD3D11RHI: Loaded GFSDK_Aftermath_Lib.x64.dll
LogICUInternationalization: Display: ICU TimeZone Detection - Raw Offset: +3:00, Platform Override: ''
LogPluginManager: Mounting plugin Paper2D
LogPluginManager: Mounting plugin AISupport
LogPluginManager: Mounting plugin LightPropagationVolume
LogPluginManager: Mounting plugin CLionSourceCodeAccess
LogPluginManager: Mounting plugin CodeLiteSourceCodeAccess
LogPluginManager: Mounting plugin GitSourceControl
LogPluginManager: Mounting plugin KDevelopSourceCodeAccess
LogPluginManager: Mounting plugin NullSourceCodeAccess
LogPluginManager: Mounting plugin PerforceSourceControl
LogPluginManager: Mounting plugin SubversionSourceControl
LogPluginManager: Mounting plugin UObjectPlugin
LogPluginManager: Mounting plugin VisualStudioCodeSourceCodeAccess
LogPluginManager: Mounting plugin VisualStudioSourceCodeAccess
LogPluginManager: Mounting plugin XCodeSourceCodeAccess
LogPluginManager: Mounting plugin AssetManagerEditor
LogPluginManager: Mounting plugin CryptoKeys
LogPluginManager: Mounting plugin DataValidation
LogPluginManager: Mounting plugin FacialAnimation
LogPluginManager: Mounting plugin GameplayTagsEditor
LogPluginManager: Mounting plugin MacGraphicsSwitching
LogPluginManager: Mounting plugin MeshEditor
LogPluginManager: Mounting plugin MobileLauncherProfileWizard
LogPluginManager: Mounting plugin PluginBrowser
LogPluginManager: Mounting plugin SpeedTreeImporter
LogPluginManager: Mounting plugin DatasmithContent
LogPluginManager: Mounting plugin AlembicImporter
LogPluginManager: Mounting plugin AppleImageUtils
LogPluginManager: Mounting plugin AppleVision
LogPluginManager: Mounting plugin BackChannel
LogPluginManager: Mounting plugin CharacterAI
LogPluginManager: Mounting plugin GeometryCache
LogPluginManager: Mounting plugin HTML5Networking
LogPluginManager: Mounting plugin ProxyLODPlugin
LogPluginManager: Mounting plugin MagicLeap
LogPluginManager: Mounting plugin MagicLeapEmulator
LogPluginManager: Mounting plugin MagicLeapMedia
LogPluginManager: Mounting plugin AndroidMedia
LogPluginManager: Mounting plugin AvfMedia
LogPluginManager: Mounting plugin ImgMedia
LogPluginManager: Mounting plugin LinearTimecode
LogPluginManager: Mounting plugin MediaCompositing
LogPluginManager: Mounting plugin MediaPlayerEditor
LogPluginManager: Mounting plugin WmfMedia
LogPluginManager: Mounting plugin TcpMessaging
LogPluginManager: Mounting plugin UdpMessaging
LogPluginManager: Mounting plugin ActorSequence
LogPluginManager: Mounting plugin LevelSequenceEditor
LogPluginManager: Mounting plugin MatineeToLevelSequence
LogPluginManager: Mounting plugin NetcodeUnitTest
LogPluginManager: Mounting plugin NUTUnrealEngine4
LogPluginManager: Mounting plugin OnlineSubsystemGooglePlay
LogPluginManager: Mounting plugin OnlineSubsystemIOS
LogPluginManager: Mounting plugin OnlineSubsystem
LogPluginManager: Mounting plugin OnlineSubsystemNull
LogPluginManager: Mounting plugin OnlineSubsystemUtils
LogPluginManager: Mounting plugin LauncherChunkInstaller
LogPluginManager: Mounting plugin AndroidDeviceProfileSelector
LogPluginManager: Mounting plugin AndroidMoviePlayer
LogPluginManager: Mounting plugin AndroidPermission
LogPluginManager: Mounting plugin AppleMoviePlayer
LogPluginManager: Mounting plugin ArchVisCharacter
LogPluginManager: Mounting plugin AudioCapture
LogPluginManager: Mounting plugin CableComponent
LogPluginManager: Mounting plugin CustomMeshComponent
LogPluginManager: Mounting plugin EditableMesh
LogPluginManager: Mounting plugin ExampleDeviceProfileSelector
LogPluginManager: Mounting plugin GoogleCloudMessaging
LogPluginManager: Mounting plugin ImmediatePhysics
LogPluginManager: Mounting plugin IOSDeviceProfileSelector
LogPluginManager: Mounting plugin LinuxDeviceProfileSelector
LogPluginManager: Mounting plugin LocationServicesBPLibrary
LogPluginManager: Mounting plugin MobilePatchingUtils
LogPluginManager: Mounting plugin OculusVR
LogPluginManager: Plugin shader directory ../../../Engine/Plugins/Runtime/Oculus/OculusVR/Shaders found
LogPluginManager: Mapping shader source directory ../../../Engine/Plugins/Runtime/Oculus/OculusVR/Shaders to virtual directory /Plugin/OculusVR
LogPluginManager: Mounting plugin PhysXVehicles
LogPluginManager: Mounting plugin ProceduralMeshComponent
LogPluginManager: Mounting plugin RuntimePhysXCooking
LogPluginManager: Mounting plugin SteamVR
LogPluginManager: Mounting plugin WindowsMoviePlayer
LogStreaming: Display: Took  9.908s to configure plugins.
LogInit: Using libcurl 7.55.1-DEV
LogInit:  - built for x86_64-pc-win32
LogInit:  - supports SSL with OpenSSL/1.0.2h
LogInit:  - supports HTTP deflate (compression) using libz 1.2.8
LogInit:  - other features:
LogInit:      CURL_VERSION_SSL
LogInit:      CURL_VERSION_LIBZ
LogInit:      CURL_VERSION_IPV6
LogInit:      CURL_VERSION_ASYNCHDNS
LogInit:      CURL_VERSION_LARGEFILE
LogInit:      CURL_VERSION_IDN
LogInit:  CurlRequestOptions (configurable via config and command line):
LogInit:  - bVerifyPeer = false  - Libcurl will NOT verify peer certificate
LogInit:  - bUseHttpProxy = false  - Libcurl will NOT use HTTP proxy
LogInit:  - bDontReuseConnections = false  - Libcurl will reuse connections
LogInit:  - CertBundlePath = nullptr  - Libcurl will use whatever was configured at build time.
LogInit:  - MaxHostConnections = 16  - Libcurl will limit the number of connections to a host
LogInit:  - LocalHostAddr = Default
LogInit:  - BufferSize = 65536
LogInit: WinSock: version 1.1 (2.2), MaxSocks=32767, MaxUdp=65467
LogInit: Build: ++UE4+Release-4.20-CL-4369336
LogInit: Engine Version: 4.20.3-4369336+++UE4+Release-4.20
LogInit: Compatible Engine Version: 4.20.0-4212847+++UE4+Release-4.20
LogInit: Net CL: 4212847
LogInit: OS: Windows 10 (), CPU: Intel(R) Core(TM) i7-8700K CPU @ 3.70GHz, GPU: NVIDIA Quadro P1000
LogInit: Compiled (64-bit): Sep 17 2018 12:26:19
LogInit: Compiled with Visual C++: 19.13.26129.00
LogInit: Build Configuration: Development
LogInit: Branch Name: ++UE4+Release-4.20
LogInit: Command Line: -EpicPortal  -epicusername="Nabr1n" -epicuserid=e041c7558332466da04219edc99f21a1 -epiclocale=ru-RU
LogInit: Base Directory: C:/Program Files/Epic Games/UE_4.20/Engine/Binaries/Win64/
LogInit: Installed Engine Build: 1
LogDevObjectVersion: Number of dev versions registered: 20
LogDevObjectVersion:   Dev-Blueprints (B0D832E4-1F89-4F0D-ACCF-7EB736FD4AA2): 10
LogDevObjectVersion:   Dev-Build (E1C64328-A22C-4D53-A36C-8E866417BD8C): 0
LogDevObjectVersion:   Dev-Core (375EC13C-06E4-48FB-B500-84F0262A717E): 2
LogDevObjectVersion:   Dev-Editor (E4B068ED-F494-42E9-A231-DA0B2E46BB41): 24
LogDevObjectVersion:   Dev-Framework (CFFC743F-43B0-4480-9391-14DF171D2073): 34
LogDevObjectVersion:   Dev-Mobile (B02B49B5-BB20-44E9-A304-32B752E40360): 2
LogDevObjectVersion:   Dev-Networking (A4E4105C-59A1-49B5-A7C5-40C4547EDFEE): 0
LogDevObjectVersion:   Dev-Online (39C831C9-5AE6-47DC-9A44-9C173E1C8E7C): 0
LogDevObjectVersion:   Dev-Physics (78F01B33-EBEA-4F98-B9B4-84EACCB95AA2): 0
LogDevObjectVersion:   Dev-Platform (6631380F-2D4D-43E0-8009-CF276956A95A): 0
LogDevObjectVersion:   Dev-Rendering (12F88B9F-8875-4AFC-A67C-D90C383ABD29): 26
LogDevObjectVersion:   Dev-Sequencer (7B5AE74C-D270-4C10-A958-57980B212A5A): 9
LogDevObjectVersion:   Dev-VR (D7296918-1DD6-4BDD-9DE2-64A83CC13884): 2
LogDevObjectVersion:   Dev-LoadTimes (C2A15278-BFE7-4AFE-6C17-90FF531DF755): 1
LogDevObjectVersion:   Private-Geometry (6EACA3D4-40EC-4CC1-B786-8BED09428FC5): 3
LogDevObjectVersion:   Dev-AnimPhys (29E575DD-E0A3-4627-9D10-D276232CDCEA): 17
LogDevObjectVersion:   Dev-ReflectionCapture (6B266CEC-1EC7-4B8F-A30B-E4D90942FC07): 1
LogDevObjectVersion:   Dev-Automation (0DF73D61-A23F-47EA-B727-89E90C41499A): 1
LogDevObjectVersion:   FortniteMain (601D1886-AC64-4F84-AA16-D3DE0DEAC7D6): 12
LogDevObjectVersion:   Dev-Enterprise (9DFFBCD6-494F-0158-E221-12823C92A888): 1
LogStreaming: Display: Took  0.007s to delete old logs.
LogInit: Presizing for max 8388607 objects, including 0 objects not considered by GC, pre-allocating 0 bytes for permanent pool.
LogInit: Object subsystem initialized
[2019.04.09-09.49.54:659][  0]LogInit: Selected Device Profile: [Windows]
[2019.04.09-09.49.54:660][  0]LogInit: Applying CVar settings loaded from the selected device profile: [Windows]
[2019.04.09-09.49.54:753][  0]LogHAL: Display: Platform has ~ 16 GB [17108684800 / 17179869184 / 16], which maps to Larger [LargestMinGB=32, LargerMinGB=12, DefaultMinGB=8, SmallerMinGB=6, SmallestMinGB=0)
[2019.04.09-09.49.54:753][  0]LogInit: Setting Device Profile CVar: [[r.Vulkan.UseRealUBs:1]]
[2019.04.09-09.49.54:753][  0]LogInit: Going up to parent DeviceProfile []
[2019.04.09-09.49.54:754][  0]LogInit: Computer: SB-B103-08
[2019.04.09-09.49.54:754][  0]LogInit: User: aagrishin2
[2019.04.09-09.49.54:754][  0]LogInit: CPU Page size=4096, Cores=6
[2019.04.09-09.49.54:754][  0]LogInit: High frequency timer resolution =3.609376 MHz
[2019.04.09-09.49.54:755][  0]LogMemory: Memory total: Physical=15.9GB (16GB approx)
[2019.04.09-09.49.54:755][  0]LogMemory: Platform Memory Stats for Windows
[2019.04.09-09.49.54:755][  0]LogMemory: Process Physical Memory: 101.04 MB used, 101.04 MB peak
[2019.04.09-09.49.54:755][  0]LogMemory: Process Virtual Memory: 86.02 MB used, 86.02 MB peak
[2019.04.09-09.49.54:755][  0]LogMemory: Physical Memory: 5941.57 MB used,  10374.54 MB free, 16316.11 MB total
[2019.04.09-09.49.54:755][  0]LogMemory: Virtual Memory: 4657.52 MB used,  10374.54 MB free, 134217728.00 MB total
[2019.04.09-09.49.55:069][  0]LogInit: Using OS detected language (ru-RU).
[2019.04.09-09.49.55:069][  0]LogInit: Using OS detected locale (ru-RU).
[2019.04.09-09.49.55:070][  0]LogTextLocalizationManager: No specific localization for 'ru-RU' exists, so the 'ru' localization will be used.
[2019.04.09-09.49.55:075][  0]LogStreaming: Display: Took  0.005s to InitEngineTextLocalization.
[2019.04.09-09.49.55:075][  0]LogInit: Setting process to per monitor DPI aware
[2019.04.09-09.49.55:135][  0]LogSlate: New Slate User Created.  User Index 0, Is Virtual User: 0
[2019.04.09-09.49.55:135][  0]LogSlate: Slate User Registered.  User Index 0, Is Virtual User: 0
[2019.04.09-09.49.55:421][  0]LogHMD: Failed to initialize OpenVR with code 110
[2019.04.09-09.49.55:421][  0]LogD3D11RHI: D3D11 adapters:
[2019.04.09-09.49.55:473][  0]LogD3D11RHI:    0. 'NVIDIA Quadro P1000' (Feature Level 11_0)
[2019.04.09-09.49.55:473][  0]LogD3D11RHI:       4019/0/8158 MB DedicatedVideo/DedicatedSystem/SharedSystem, Outputs:1, VendorId:0x10de
[2019.04.09-09.49.55:481][  0]LogD3D11RHI:    1. 'Microsoft Basic Render Driver' (Feature Level 11_0)
[2019.04.09-09.49.55:481][  0]LogD3D11RHI:       0/0/8158 MB DedicatedVideo/DedicatedSystem/SharedSystem, Outputs:0, VendorId:0x1414
[2019.04.09-09.49.55:481][  0]LogD3D11RHI: Chosen D3D11 Adapter: 0
[2019.04.09-09.49.55:485][  0]LogD3D11RHI: Creating new Direct3DDevice
[2019.04.09-09.49.55:485][  0]LogD3D11RHI:     GPU DeviceId: 0x1cb1 (for the marketing name, search the web for "GPU Device Id")
[2019.04.09-09.49.55:485][  0]LogWindows: EnumDisplayDevices:
[2019.04.09-09.49.55:485][  0]LogWindows:    0. 'NVIDIA Quadro P1000' (P:1 D:1)
[2019.04.09-09.49.55:486][  0]LogWindows:    1. 'NVIDIA Quadro P1000' (P:0 D:0)
[2019.04.09-09.49.55:486][  0]LogWindows:    2. 'NVIDIA Quadro P1000' (P:0 D:0)
[2019.04.09-09.49.55:486][  0]LogWindows:    3. 'NVIDIA Quadro P1000' (P:0 D:0)
[2019.04.09-09.49.55:486][  0]LogWindows: DebugString: FoundDriverCount:4 
[2019.04.09-09.49.55:486][  0]LogD3D11RHI:     Adapter Name: NVIDIA Quadro P1000
[2019.04.09-09.49.55:486][  0]LogD3D11RHI:   Driver Version: 411.81 (internal:24.21.14.1181, unified:411.81)
[2019.04.09-09.49.55:486][  0]LogD3D11RHI:      Driver Date: 10-16-2018
[2019.04.09-09.49.55:486][  0]LogRHI: Texture pool is 2813 MB (70% of 4019 MB)
[2019.04.09-09.49.55:518][  0]LogD3D11RHI: Async texture creation enabled
[2019.04.09-09.49.55:534][  0]LogD3D11RHI: GPU Timing Frequency: 1000.000000 (Debug: 2 2)
[2019.04.09-09.49.55:576][  0]LogShaderCompilers: Guid format shader working directory is 29 characters bigger than the processId version (X:/UE4/MyProject1/CultoftheRaven/Intermediate/Shaders/WorkingDirectory/10420/).
[2019.04.09-09.49.55:576][  0]LogShaderCompilers: Cleaned the shader compiler working directory 'C:/Users/aagrishin_2.IIMG-MIEM/AppData/Local/Temp/UnrealShaderWorkingDir/DDFE9CA74E541B9C074779B643FCB0E9/'.
[2019.04.09-09.49.56:097][  0]LogTemp: Display: Loaded TP AllDesktopTargetPlatform
[2019.04.09-09.49.56:125][  0]LogTemp: Display: Loaded TP MacClientTargetPlatform
[2019.04.09-09.49.56:146][  0]LogTemp: Display: Loaded TP MacNoEditorTargetPlatform
[2019.04.09-09.49.56:169][  0]LogTemp: Display: Loaded TP MacServerTargetPlatform
[2019.04.09-09.49.56:191][  0]LogTemp: Display: Loaded TP MacTargetPlatform
[2019.04.09-09.49.56:213][  0]LogTemp: Display: Loaded TP WindowsClientTargetPlatform
[2019.04.09-09.49.56:235][  0]LogTemp: Display: Loaded TP WindowsNoEditorTargetPlatform
[2019.04.09-09.49.56:258][  0]LogTemp: Display: Loaded TP WindowsServerTargetPlatform
[2019.04.09-09.49.56:265][  0]LogTemp: Display: Loaded TP WindowsTargetPlatform
[2019.04.09-09.49.56:363][  0]LogTemp: Display: Loaded TP AndroidTargetPlatform
[2019.04.09-09.49.56:363][  0]LogTemp: Display: Loaded TP AndroidTargetPlatform
[2019.04.09-09.49.56:363][  0]LogTemp: Display: Loaded TP AndroidTargetPlatform
[2019.04.09-09.49.56:363][  0]LogTemp: Display: Loaded TP AndroidTargetPlatform
[2019.04.09-09.49.56:363][  0]LogTemp: Display: Loaded TP AndroidTargetPlatform
[2019.04.09-09.49.56:363][  0]LogTemp: Display: Loaded TP AndroidTargetPlatform
[2019.04.09-09.49.56:363][  0]LogTemp: Display: Loaded TP AndroidTargetPlatform
[2019.04.09-09.49.56:363][  0]LogTemp: Display: Loaded TP AndroidTargetPlatform
[2019.04.09-09.49.56:363][  0]LogTemp: Display: Loaded TP AndroidTargetPlatform
[2019.04.09-09.49.56:363][  0]LogTemp: Display: Loaded TP AndroidTargetPlatform
[2019.04.09-09.49.56:363][  0]LogTemp: Display: Loaded TP AndroidTargetPlatform
[2019.04.09-09.49.56:363][  0]LogTemp: Display: Loaded TP AndroidTargetPlatform
[2019.04.09-09.49.56:363][  0]LogTemp: Display: Loaded TP AndroidTargetPlatform
[2019.04.09-09.49.56:363][  0]LogTemp: Display: Loaded TP AndroidTargetPlatform
[2019.04.09-09.49.56:363][  0]LogTemp: Display: Loaded TP AndroidTargetPlatform
[2019.04.09-09.49.56:363][  0]LogTemp: Display: Loaded TP AndroidTargetPlatform
[2019.04.09-09.49.56:363][  0]LogTemp: Display: Loaded TP AndroidTargetPlatform
[2019.04.09-09.49.56:363][  0]LogTemp: Display: Loaded TP AndroidTargetPlatform
[2019.04.09-09.49.56:365][  0]LogTemp: Display: Loaded TP HTML5TargetPlatform
[2019.04.09-09.49.56:444][  0]LogTemp: Display: Loaded TP IOSTargetPlatform
[2019.04.09-09.49.56:444][  0]LogTemp: Display: Loaded TP IOSTargetPlatform
[2019.04.09-09.49.56:488][  0]LogTemp: Display: Loaded TP TVOSTargetPlatform
[2019.04.09-09.49.56:488][  0]LogTemp: Display: Loaded TP TVOSTargetPlatform
[2019.04.09-09.49.56:509][  0]LogTemp: Display: Loaded TP LinuxClientTargetPlatform
[2019.04.09-09.49.56:529][  0]LogTemp: Display: Loaded TP LinuxNoEditorTargetPlatform
[2019.04.09-09.49.56:550][  0]LogTemp: Display: Loaded TP LinuxServerTargetPlatform
[2019.04.09-09.49.56:583][  0]LogTemp: Display: Loaded TP LinuxTargetPlatform
[2019.04.09-09.49.56:594][  0]LogTemp: Display: Loaded TP LuminTargetPlatform
[2019.04.09-09.49.56:594][  0]LogTargetPlatformManager: Display: Building Assets For Windows
[2019.04.09-09.49.56:666][  0]LogXGEController: Cannot use XGE Controller as Incredibuild is not installed on this machine.
[2019.04.09-09.49.56:666][  0]LogShaderCompilers: Cannot use XGE Shader Compiler as Incredibuild is not installed on this machine.
[2019.04.09-09.49.56:667][  0]LogShaderCompilers: Display: Using Local Shader Compiler.
[2019.04.09-09.49.57:377][  0]LogDerivedDataCache: Display: Max Cache Size: 512 MB
[2019.04.09-09.49.57:420][  0]LogDerivedDataCache: Loaded boot cache 0.04s 71MB C:/Users/aagrishin_2.IIMG-MIEM/AppData/Local/UnrealEngine/4.20/DerivedDataCache/Boot.ddc.
[2019.04.09-09.49.57:421][  0]LogDerivedDataCache: Display: Loaded Boot cache: C:/Users/aagrishin_2.IIMG-MIEM/AppData/Local/UnrealEngine/4.20/DerivedDataCache/Boot.ddc
[2019.04.09-09.49.57:423][  0]LogDerivedDataCache: FDerivedDataBackendGraph:  Pak pak cache file X:/UE4/MyProject1/CultoftheRaven/DerivedDataCache/DDC.ddp not found, will not use a pak cache.
[2019.04.09-09.49.57:423][  0]LogDerivedDataCache: Unable to find inner node Pak for hierarchical cache Hierarchy.
[2019.04.09-09.49.57:425][  0]LogDerivedDataCache: FDerivedDataBackendGraph:  CompressedPak pak cache file X:/UE4/MyProject1/CultoftheRaven/DerivedDataCache/Compressed.ddp not found, will not use a pak cache.
[2019.04.09-09.49.57:425][  0]LogDerivedDataCache: Unable to find inner node CompressedPak for hierarchical cache Hierarchy.
[2019.04.09-09.49.57:437][  0]LogDerivedDataCache: Display: Pak cache opened for reading ../../../Engine/DerivedDataCache/Compressed.ddp.
[2019.04.09-09.49.57:450][  0]LogDerivedDataCache: Using Local data cache path C:/Users/aagrishin_2.IIMG-MIEM/AppData/Local/UnrealEngine/Common/DerivedDataCache: Writable
[2019.04.09-09.49.57:450][  0]LogDerivedDataCache: Shared data cache path not found in *engine.ini, will not use an Shared cache.
[2019.04.09-09.49.57:450][  0]LogDerivedDataCache: Unable to find inner node Shared for hierarchical cache Hierarchy.
[2019.04.09-09.49.57:480][  0]LogMaterial: Verifying Global Shaders for PCD3D_SM5
[2019.04.09-09.49.57:482][  0]LogSlate: Using FreeType 2.6.0
[2019.04.09-09.49.57:483][  0]LogSlate: SlateFontServices - WITH_FREETYPE: 1, WITH_HARFBUZZ: 1
[2019.04.09-09.49.57:570][  0]LogAssetRegistry: FAssetRegistry took 0.0265 seconds to start up
[2019.04.09-09.49.57:940][  0]LogInit: Selected Device Profile: [Windows]
[2019.04.09-09.49.58:056][  0]LogSimplygon: Simplygon DLL not present - disabling.
[2019.04.09-09.49.58:060][  0]LogMeshReduction: Using SimplygonSwarm for distributed automatic mesh merging
[2019.04.09-09.49.58:060][  0]LogMeshReduction: Using ProxyLODMeshReduction for automatic mesh merging
[2019.04.09-09.49.58:061][  0]LogMeshReduction: Using QuadricMeshReduction for automatic static mesh reduction
[2019.04.09-09.49.58:061][  0]LogMeshReduction: No automatic skeletal mesh reduction module available
[2019.04.09-09.49.58:074][  0]LogNetVersion: CultoftheRaven 1.0.0, NetCL: 4212847, EngineNetVer: 5, GameNetVer: 0 (Checksum: 2490172623)
[2019.04.09-09.50.02:175][  0]LogPackageLocalizationCache: Processed 11 localized package path(s) for 2 prioritized culture(s) in 3.329422 seconds
[2019.04.09-09.50.02:180][  0]LogUObjectArray: 38425 objects as part of root set at end of initial load.
[2019.04.09-09.50.02:180][  0]LogUObjectAllocator: 6690864 out of 0 bytes used by permanent object pool.
[2019.04.09-09.50.02:180][  0]LogUObjectArray: CloseDisregardForGC: 0/0 objects in disregard for GC pool
[2019.04.09-09.50.04:116][  0]LogTcpMessaging: Initializing TcpMessaging bridge
[2019.04.09-09.50.09:297][  0]LogUdpMessaging: Initializing bridge on interface 0.0.0.0:0 to multicast group 230.0.0.1:6666.
[2019.04.09-09.50.09:297][  0]LogDirectoryWatcher: A directory notification failed for 'X:/UE4/MyProject1/CultoftheRaven/Content/' because it was empty or there was a buffer overflow. Attemping another request...
[2019.04.09-09.50.10:153][  0]SourceControl: Source control is disabled
[2019.04.09-09.50.10:153][  0]SourceControl: Source control is disabled
[2019.04.09-09.50.10:155][  0]SourceControl: Source control is disabled
[2019.04.09-09.50.10:157][  0]SourceControl: Source control is disabled
[2019.04.09-09.50.13:483][  0]LogAndroidPermission: UAndroidPermissionCallbackProxy::GetInstance
[2019.04.09-09.50.13:620][  0]LogOcInput: OculusInput pre-init called
[2019.04.09-09.50.13:918][  0]LogEngine: Initializing Engine...
[2019.04.09-09.50.13:919][  0]LogHMD: Failed to initialize OpenVR with code 110
[2019.04.09-09.50.14:233][  0]LogStats: UGameplayTagsManager::ConstructGameplayTagTree: ImportINI prefixes -  0.000 s
[2019.04.09-09.50.14:233][  0]LogStats: UGameplayTagsManager::ConstructGameplayTagTree: Construct from data asset -  0.000 s
[2019.04.09-09.50.14:543][  0]LogStats: UGameplayTagsManager::ConstructGameplayTagTree: ImportINI -  0.310 s
[2019.04.09-09.50.14:543][  0]LogStats: UGameplayTagsManager::ConstructGameplayTagTree: GameplayTagTreeChangedEvent.Broadcast -  0.000 s
[2019.04.09-09.50.14:717][  0]LogInit: Initializing FReadOnlyCVARCache
[2019.04.09-09.50.14:730][  0]LogAIModule: Creating AISystem for world Untitled
[2019.04.09-09.50.14:755][  0]LogInit: XAudio2 using 'DELL U2417H (NVIDIA High Definition Audio)' : 2 channels at 48 kHz using 16 bits per sample (channel mask 0x3)
[2019.04.09-09.50.14:766][  0]LogInit: FAudioDevice initialized.
[2019.04.09-09.50.14:766][  0]LogNetVersion: Set ProjectVersion to 1.0.0.0. Version Checksum will be recalculated on next use.
[2019.04.09-09.50.14:875][  0]LogDerivedDataCache: Saved boot cache 0.11s 71MB C:/Users/aagrishin_2.IIMG-MIEM/AppData/Local/UnrealEngine/4.20/DerivedDataCache/Boot.ddc.
[2019.04.09-09.50.14:962][  0]LogInit: Texture streaming: Enabled
[2019.04.09-09.50.14:979][  0]LogEngineSessionManager: EngineSessionManager initialized
[2019.04.09-09.50.14:990][  0]LogInit: Transaction tracking system initialized
[2019.04.09-09.50.15:072][  0]BlueprintLog: New page: Editor Load
[2019.04.09-09.50.21:302][  0]LocalizationService: Localization service is disabled
[2019.04.09-09.50.27:612][  0]LogCook: Display: Max memory allowance for cook 16384mb min free memory 0mb
[2019.04.09-09.50.27:612][  0]LogCook: Display: Mobile HDR setting 1
[2019.04.09-09.50.27:612][  0]LogGameplayTags: Display: UGameplayTagsManager::DoneAddingNativeTags. DelegateIsBound: 0
[2019.04.09-09.50.27:612][  0]LogStats: UGameplayTagsManager::ConstructGameplayTagTree: ImportINI prefixes -  0.000 s
[2019.04.09-09.50.27:612][  0]LogStats: UGameplayTagsManager::ConstructGameplayTagTree: Construct from data asset -  0.000 s
[2019.04.09-09.50.27:972][  0]LogFileCache: Scanning file cache for directory 'X:/UE4/MyProject1/CultoftheRaven/Content/' took 0.68s
[2019.04.09-09.50.27:972][  0]LogStats: UGameplayTagsManager::ConstructGameplayTagTree: ImportINI -  0.360 s
[2019.04.09-09.50.27:972][  0]LogStats: UGameplayTagsManager::ConstructGameplayTagTree: GameplayTagTreeChangedEvent.Broadcast -  0.000 s
[2019.04.09-09.50.28:456][  0]SourceControl: Source control is disabled
[2019.04.09-09.50.28:456][  0]Cmd: MAP LOAD FILE="../../../Engine/Content/Maps/Templates/Template_Default.umap" TEMPLATE=1 SHOWPROGRESS=1 FEATURELEVEL=3
[2019.04.09-09.50.28:456][  0]LightingResults: New page: Lighting Build
[2019.04.09-09.50.28:459][  0]MapCheck: New page: Map Check
[2019.04.09-09.50.28:459][  0]LightingResults: New page: Lighting Build
[2019.04.09-09.50.28:794][  0]LogAIModule: Creating AISystem for world Untitled_1
[2019.04.09-09.50.28:807][  0]LogEditorServer: Finished looking for orphan Actors (0.000 secs)
[2019.04.09-09.50.28:836][  0]Cmd: MAP CHECKDEP NOCLEARLOG
[2019.04.09-09.50.28:972][  0]MapCheck: Map check complete: 0 Error(s), 0 Warning(s), took 135,617ms to complete.
[2019.04.09-09.50.28:972][  0]LogFileHelpers: Loading map 'Template_Default' took 0.516
[2019.04.09-09.50.29:055][  0]LogSlate: Updating window title bar state: overlay mode, drag disabled, window buttons hidden, title bar hidden
[2019.04.09-09.50.29:060][  0]LogSlate: Updating window title bar state: overlay mode, drag disabled, window buttons hidden, title bar hidden
[2019.04.09-09.50.29:065][  0]LogSlate: Updating window title bar state: overlay mode, drag disabled, window buttons hidden, title bar hidden
[2019.04.09-09.50.29:069][  0]LogSlate: Updating window title bar state: overlay mode, drag disabled, window buttons hidden, title bar hidden
[2019.04.09-09.50.29:326][  0]LogCollectionManager: Loaded 0 collections in 0.252167 seconds
[2019.04.09-09.50.30:508][  0]LogFileCache: Scanning file cache for directory 'X:/UE4/MyProject1/CultoftheRaven/Saved/Collections/' took 0.20s
[2019.04.09-09.50.30:508][  0]LogFileCache: Scanning file cache for directory 'X:/UE4/MyProject1/CultoftheRaven/Content/Developers/aagrishin2/Collections/' took 0.02s
[2019.04.09-09.50.30:508][  0]LogCollectionManager: Rebuilt the GUID cache for 0 collections in 0.000000 seconds
[2019.04.09-09.50.30:514][  0]LogContentBrowser: Native class hierarchy populated in 0.0066 seconds. Added 2572 classes and 603 folders.
[2019.04.09-09.50.30:520][  0]LogContentBrowser: Native class hierarchy updated for 'WidgetCarousel' in 0.0003 seconds. Added 0 classes and 0 folders.
[2019.04.09-09.50.30:584][  0]LogFileCache: Scanning file cache for directory 'X:/UE4/MyProject1/CultoftheRaven/Content/Collections/' took 0.04s
[2019.04.09-09.50.30:584][  0]LogContentBrowser: Native class hierarchy updated for 'AddContentDialog' in 0.0003 seconds. Added 0 classes and 0 folders.
[2019.04.09-09.50.30:589][  0]LogContentBrowser: Native class hierarchy updated for 'SceneOutliner' in 0.0003 seconds. Added 1 classes and 2 folders.
[2019.04.09-09.50.32:497][  0]LogSlate: Only BGRA pngs, bmps or icos are supported in by External Image Picker
[2019.04.09-09.50.32:557][  0]LogTemp: Executing iPhonePackager certificates Engine -bundlename com.YourCompany.CultoftheRaven
[2019.04.09-09.50.32:557][  0]LogTemp: CWD: C:\Program Files\Epic Games\UE_4.20\Engine\Binaries\DotNET\IOS
[2019.04.09-09.50.32:557][  0]LogTemp: Initial Dir: C:\Program Files\Epic Games\UE_4.20
[2019.04.09-09.50.32:557][  0]LogTemp: Env CWD: C:\Program Files\Epic Games\UE_4.20\Engine\Binaries\DotNET\IOS
[2019.04.09-09.50.32:557][  0]LogTemp: BranchPath = SB-B103-08/C/Program Files/Epic Games/UE_4.20/Engine/Binaries --- GameBranchPath = SB-B103-08/C/Program Files/Epic Games/UE_4.20/Engine/Binaries
[2019.04.09-09.50.32:557][  0]LogTemp: IPP ERROR: Could not find provision directory 'C:\Users\aagrishin_2.IIMG-MIEM\AppData\Local/Apple Computer/MobileDevice/Provisioning Profiles/'.
[2019.04.09-09.50.32:557][  0]LogSlate: Took 0.000237 seconds to synchronously load lazily loaded font '../../../Engine/Content/Slate/Fonts/Roboto-Regular.ttf' (155K)
[2019.04.09-09.50.32:559][  0]LogSlate: Took 0.000231 seconds to synchronously load lazily loaded font '../../../Engine/Content/Slate/Fonts/Roboto-Bold.ttf' (160K)
[2019.04.09-09.50.32:563][  0]LogSlate: Took 0.000482 seconds to synchronously load lazily loaded font '../../../Engine/Content/Editor/Slate/Fonts/FontAwesome.ttf' (139K)
[2019.04.09-09.50.32:631][  0]LogRenderer: Reallocating scene render targets to support 1208x576 Format 10 NumSamples 1 (Frame:1).
[2019.04.09-09.50.32:732][  0]LogContentBrowser: Native class hierarchy updated for 'HierarchicalLODOutliner' in 0.0025 seconds. Added 0 classes and 0 folders.
[2019.04.09-09.50.32:732][  0]LogLoad: (Engine Initialization) Total time: 52.66 seconds
[2019.04.09-09.50.32:732][  0]LogLoad: (Engine Initialization) Total Blueprint compile time: 0.00 seconds
[2019.04.09-09.50.32:847][  0]LogContentStreaming: Texture pool size now 1000 MB
[2019.04.09-09.50.32:872][  1]LogAssetRegistry: Asset discovery search completed in 35.3264 seconds
[2019.04.09-09.50.32:873][  1]LogCollectionManager: Rebuilt the object cache for 0 collections in 0.000000 seconds (found 0 objects)
[2019.04.09-09.50.32:873][  1]LogCollectionManager: Fixed up redirectors for 0 collections in 0.000032 seconds (updated 0 objects)
[2019.04.09-09.50.33:206][  2]LogDirectoryWatcher: A directory notification failed for 'X:/UE4/MyProject1/CultoftheRaven/Content/' because it was empty or there was a buffer overflow. Attemping another request...
[2019.04.09-09.50.33:208][  2]LogDirectoryWatcher: A directory notification failed for 'X:/UE4/MyProject1/CultoftheRaven/Content/', and we were unable to create a new request.
[2019.04.09-09.50.33:208][  2]LogDirectoryWatcher: A directory notification failed for 'X:/UE4/MyProject1/CultoftheRaven/Saved/Collections/' because it was empty or there was a buffer overflow. Attemping another request...
[2019.04.09-09.50.33:208][  2]LogDirectoryWatcher: A directory notification failed for 'X:/UE4/MyProject1/CultoftheRaven/Content/Developers/aagrishin2/Collections/' because it was empty or there was a buffer overflow. Attemping another request...
[2019.04.09-09.50.33:208][  2]LogDirectoryWatcher: A directory notification failed for 'X:/UE4/MyProject1/CultoftheRaven/Content/Collections/' because it was empty or there was a buffer overflow. Attemping another request...
[2019.04.09-09.50.33:541][  3]LogDirectoryWatcher: A directory notification failed for 'X:/UE4/MyProject1/CultoftheRaven/Content/Developers/aagrishin2/Collections/' because it was empty or there was a buffer overflow. Attemping another request...
[2019.04.09-09.50.33:543][  3]LogDirectoryWatcher: A directory notification failed for 'X:/UE4/MyProject1/CultoftheRaven/Content/Developers/aagrishin2/Collections/', and we were unable to create a new request.
[2019.04.09-09.50.33:543][  3]LogDirectoryWatcher: A directory notification failed for 'X:/UE4/MyProject1/CultoftheRaven/Saved/Collections/' because it was empty or there was a buffer overflow. Attemping another request...
[2019.04.09-09.50.33:545][  3]LogDirectoryWatcher: A directory notification failed for 'X:/UE4/MyProject1/CultoftheRaven/Saved/Collections/', and we were unable to create a new request.
[2019.04.09-09.50.33:545][  3]LogDirectoryWatcher: A directory notification failed for 'X:/UE4/MyProject1/CultoftheRaven/Content/Collections/' because it was empty or there was a buffer overflow. Attemping another request...
[2019.04.09-09.50.33:547][  3]LogDirectoryWatcher: A directory notification failed for 'X:/UE4/MyProject1/CultoftheRaven/Content/Collections/', and we were unable to create a new request.
[2019.04.09-09.50.36:210][ 11]LogSlate: FSceneViewport::OnFocusLost() reason 0
[2019.04.09-09.50.36:210][ 11]LogSlate: Window 'Message Log' being destroyed
[2019.04.09-09.50.36:213][ 11]LogSlate: Window 'Message Log' being destroyed
[2019.04.09-09.50.40:150][482]LogSlate: FSceneViewport::OnFocusLost() reason 0
[2019.04.09-09.50.46:443][229]LogSlate: Took 0.000298 seconds to synchronously load lazily loaded font '../../../Engine/Content/Slate/Fonts/Roboto-Light.ttf' (167K)
[2019.04.09-09.50.49:535][229]LogSlate: Window 'Pick Parent Class' being destroyed
[2019.04.09-09.50.49:557][229]LogSlate: Took 0.000203 seconds to synchronously load lazily loaded font '../../../Engine/Content/Slate/Fonts/Roboto-Light.ttf' (167K)
[2019.04.09-10.00.33:184][297]LogFileHelpers: Editor autosave (incl. sublevels) for '/Temp/Untitled_1' took 0.021
[2019.04.09-10.00.33:513][297]OBJ SavePackage: Generating thumbnails for [0] asset(s) in package [/Game/01] ([1] browsable assets)...
[2019.04.09-10.00.33:513][297]OBJ SavePackage: Finished generating thumbnails for package [/Game/01]
[2019.04.09-10.00.33:513][297]Cmd: OBJ SAVEPACKAGE PACKAGE="/Game/01" FILE="X:/UE4/MyProject1/CultoftheRaven/Saved/Autosaves/Game/01_Auto1.uasset" SILENT=false AUTOSAVING=true
[2019.04.09-10.00.33:815][297]LogSavePackage: Moving 'X:/UE4/MyProject1/CultoftheRaven/Saved/01_Auto1BFA4B1EA4D52DD942429AB91C107EF1A.tmp' to 'X:/UE4/MyProject1/CultoftheRaven/Saved/Autosaves/Game/01_Auto1.uasset'
[2019.04.09-10.00.33:852][297]LogFileHelpers: Auto-saving content packages took 0.667
[2019.04.09-10.52.17:569][579]LogAudio: Warning: Current Audio Device with ID {0.0.0.00000000}.{77f56bdb-8391-4318-bcbb-c9c3eceb62ea} was removed. Shutting down audio device.
[2019.04.09-10.52.17:569][579]LogInit: XAudio2 using 'DELL U2417H (NVIDIA High Definition Audio)' : 2 channels at 48 kHz using 16 bits per sample (channel mask 0x3)
[2019.04.09-13.45.25:246][838]LogSlate: Window 'Save Content' being destroyed
[2019.04.09-13.45.26:025][838]LogSlate: Window 'CultoftheRaven - Unreal Editor' being destroyed
[2019.04.09-13.45.26:365][839]Cmd: QUIT_EDITOR
[2019.04.09-13.45.26:406][839]LogWindowsTextInputMethodSystem: Display: IME system now deactivated.
[2019.04.09-13.45.26:435][839]LogExit: Preparing to exit.
[2019.04.09-13.45.27:581][839]LogExit: Editor shut down
[2019.04.09-13.45.27:582][839]LogExit: Transaction tracking system shut down
